time="2025-07-23 13:57:11" level=info msg="服务启动: :8080" file="logger.go:113"
time="2025-07-23 13:58:03" level=info msg="服务启动: :8000" file="logger.go:113"
time="2025-07-23 13:58:07" level=info msg="method=GET path=/ status=404 ip=::1 latency=0s" file="logger.go:118"
time="2025-07-23 13:58:07" level=info msg="method=GET path=/favicon.ico status=404 ip=::1 latency=0s" file="logger.go:118"
time="2025-07-23 13:58:10" level=info msg="method=GET path=/ status=404 ip=::1 latency=0s" file="logger.go:118"
time="2025-07-23 13:58:11" level=info msg="method=GET path=/ status=404 ip=::1 latency=0s" file="logger.go:118"
time="2025-07-23 13:58:12" level=info msg="method=GET path=/ status=404 ip=::1 latency=0s" file="logger.go:118"
time="2025-07-23 13:58:13" level=info msg="method=GET path=/ status=404 ip=::1 latency=0s" file="logger.go:118"
time="2025-07-23 13:58:13" level=info msg="method=GET path=/ status=404 ip=::1 latency=0s" file="logger.go:118"
time="2025-07-23 13:58:14" level=info msg="method=GET path=/ status=404 ip=::1 latency=0s" file="logger.go:118"
time="2025-07-23 13:58:16" level=info msg="method=GET path=/ status=404 ip=::1 latency=0s" file="logger.go:118"
time="2025-07-23 13:58:17" level=info msg="method=GET path=/ status=404 ip=::1 latency=0s" file="logger.go:118"
time="2025-07-23 13:58:17" level=info msg="method=GET path=/ status=404 ip=::1 latency=0s" file="logger.go:118"
time="2025-07-23 13:58:17" level=info msg="method=GET path=/ status=404 ip=::1 latency=0s" file="logger.go:118"
time="2025-07-23 13:58:17" level=info msg="method=GET path=/ status=404 ip=::1 latency=477.7µs" file="logger.go:118"
time="2025-07-23 13:58:21" level=info msg="method=GET path=/ status=404 ip=::1 latency=0s" file="logger.go:118"
time="2025-07-23 13:59:06" level=info msg="method=GET path=/api/users status=404 ip=::1 latency=0s" file="logger.go:118"
time="2025-07-23 13:59:09" level=info msg="method=GET path=/api/users status=404 ip=::1 latency=0s" file="logger.go:118"
time="2025-07-23 14:00:00" level=info msg="服务启动: :8000" file="logger.go:113"
time="2025-07-23 14:00:24" level=info msg="method=GET path=/ status=404 ip=::1 latency=0s" file="logger.go:118"
time="2025-07-23 14:00:24" level=info msg="method=GET path=/ status=404 ip=::1 latency=0s" file="logger.go:118"
time="2025-07-23 14:02:51" level=info msg="服务启动: :8000" file="logger.go:113"
time="2025-07-23 14:02:52" level=info msg="服务启动: :8000" file="logger.go:113"
time="2025-07-23 14:02:52" level=fatal msg="服务启动失败: listen tcp :8000: bind: Only one usage of each socket address (protocol/network address/port) is normally permitted." file="logger.go:143"
time="2025-07-23 14:03:01" level=info msg="method=GET path=/hello status=200 ip=::1 latency=0s" file="logger.go:118"
time="2025-07-23 14:04:39" level=info msg="method=GET path=/hello status=200 ip=::1 latency=0s" file="logger.go:118"
time="2025-07-23 14:24:20" level=info msg="服务启动: :8000" file="logger.go:113"
time="2025-07-23 14:24:20" level=fatal msg="服务启动失败: listen tcp :8000: bind: Only one usage of each socket address (protocol/network address/port) is normally permitted." file="logger.go:143"
time="2025-07-23 14:24:59" level=info msg="服务启动: :8000" file="logger.go:113"
time="2025-07-23 14:24:59" level=fatal msg="服务启动失败: listen tcp :8000: bind: Only one usage of each socket address (protocol/network address/port) is normally permitted." file="logger.go:143"
time="2025-07-23 14:25:19" level=info msg="method=GET path=/users status=404 ip=::1 latency=0s" file="logger.go:118"
time="2025-07-23 14:25:21" level=info msg="服务启动: :8000" file="logger.go:113"
time="2025-07-23 14:25:21" level=fatal msg="服务启动失败: listen tcp :8000: bind: Only one usage of each socket address (protocol/network address/port) is normally permitted." file="logger.go:143"
time="2025-07-23 14:25:25" level=info msg="method=GET path=/users/2 status=404 ip=::1 latency=0s" file="logger.go:118"
time="2025-07-23 14:26:17" level=info msg="method=GET path=/users status=404 ip=::1 latency=0s" file="logger.go:118"
time="2025-07-23 14:26:22" level=info msg="服务启动: :8000" file="logger.go:113"
time="2025-07-23 14:26:22" level=fatal msg="服务启动失败: listen tcp :8000: bind: Only one usage of each socket address (protocol/network address/port) is normally permitted." file="logger.go:143"
time="2025-07-23 14:27:26" level=info msg="服务启动: :8000" file="logger.go:113"
time="2025-07-23 14:27:26" level=fatal msg="服务启动失败: listen tcp :8000: bind: Only one usage of each socket address (protocol/network address/port) is normally permitted." file="logger.go:143"
time="2025-07-23 14:27:27" level=info msg="method=GET path=/users status=404 ip=::1 latency=0s" file="logger.go:118"
time="2025-07-23 14:27:28" level=info msg="method=GET path=/users status=404 ip=::1 latency=0s" file="logger.go:118"
time="2025-07-23 14:27:29" level=info msg="method=GET path=/users status=404 ip=::1 latency=0s" file="logger.go:118"
time="2025-07-23 14:27:29" level=info msg="method=GET path=/users status=404 ip=::1 latency=0s" file="logger.go:118"
time="2025-07-23 14:27:29" level=info msg="method=GET path=/users status=404 ip=::1 latency=0s" file="logger.go:118"
time="2025-07-23 14:27:29" level=info msg="method=GET path=/users status=404 ip=::1 latency=0s" file="logger.go:118"
time="2025-07-23 14:27:30" level=info msg="method=GET path=/users status=404 ip=::1 latency=0s" file="logger.go:118"
time="2025-07-23 14:27:38" level=info msg="method=GET path=/users/1 status=404 ip=::1 latency=0s" file="logger.go:118"
time="2025-07-23 14:27:41" level=info msg="method=GET path=/users/1 status=404 ip=::1 latency=0s" file="logger.go:118"
time="2025-07-23 14:28:20" level=info msg="服务启动: :8000" file="logger.go:113"
time="2025-07-23 14:28:20" level=fatal msg="服务启动失败: listen tcp :8000: bind: Only one usage of each socket address (protocol/network address/port) is normally permitted." file="logger.go:143"
time="2025-07-23 14:30:56" level=info msg="服务启动: :8000" file="logger.go:113"
time="2025-07-23 14:30:56" level=fatal msg="服务启动失败: listen tcp :8000: bind: Only one usage of each socket address (protocol/network address/port) is normally permitted." file="logger.go:143"
time="2025-07-23 14:31:07" level=info msg="method=GET path=/users/1 status=404 ip=::1 latency=0s" file="logger.go:118"
time="2025-07-23 14:31:44" level=info msg="服务启动: :8000" file="logger.go:113"
time="2025-07-23 14:31:44" level=fatal msg="服务启动失败: listen tcp :8000: bind: Only one usage of each socket address (protocol/network address/port) is normally permitted." file="logger.go:143"
time="2025-07-23 14:32:19" level=info msg="服务启动: :8000" file="logger.go:113"
time="2025-07-23 14:32:19" level=fatal msg="服务启动失败: listen tcp :8000: bind: Only one usage of each socket address (protocol/network address/port) is normally permitted." file="logger.go:143"
time="2025-07-23 14:32:29" level=info msg="服务启动: :8000" file="logger.go:113"
time="2025-07-23 14:32:29" level=fatal msg="服务启动失败: listen tcp :8000: bind: Only one usage of each socket address (protocol/network address/port) is normally permitted." file="logger.go:143"
time="2025-07-23 14:32:34" level=info msg="服务启动: :8000" file="logger.go:113"
time="2025-07-23 14:32:34" level=fatal msg="服务启动失败: listen tcp :8000: bind: Only one usage of each socket address (protocol/network address/port) is normally permitted." file="logger.go:143"
time="2025-07-23 14:32:35" level=info msg="服务启动: :8000" file="logger.go:113"
time="2025-07-23 14:32:35" level=fatal msg="服务启动失败: listen tcp :8000: bind: Only one usage of each socket address (protocol/network address/port) is normally permitted." file="logger.go:143"
time="2025-07-23 14:32:41" level=info msg="服务启动: :8000" file="logger.go:113"
time="2025-07-23 14:32:41" level=fatal msg="服务启动失败: listen tcp :8000: bind: Only one usage of each socket address (protocol/network address/port) is normally permitted." file="logger.go:143"
time="2025-07-23 14:33:35" level=info msg="method=GET path=/hello status=200 ip=::1 latency=0s" file="logger.go:118"
time="2025-07-23 14:34:04" level=info msg="method=GET path=/hello status=200 ip=::1 latency=0s" file="logger.go:118"
time="2025-07-23 14:37:58" level=info msg="method=GET path=/hello status=200 ip=::1 latency=0s" file="logger.go:118"
time="2025-07-23 14:38:50" level=info msg="method=GET path=/hello status=200 ip=::1 latency=0s" file="logger.go:118"
time="2025-07-23 14:38:54" level=info msg="服务启动: :8000" file="logger.go:113"
time="2025-07-23 14:38:54" level=fatal msg="服务启动失败: listen tcp :8000: bind: Only one usage of each socket address (protocol/network address/port) is normally permitted." file="logger.go:143"
time="2025-07-23 14:39:03" level=info msg="method=GET path=/users/hello status=404 ip=::1 latency=0s" file="logger.go:118"
time="2025-07-23 14:39:20" level=info msg="method=GET path=//hello status=404 ip=::1 latency=0s" file="logger.go:118"
time="2025-07-23 14:39:23" level=info msg="method=GET path=//hello status=404 ip=::1 latency=0s" file="logger.go:118"
time="2025-07-23 14:39:39" level=info msg="服务启动: :8000" file="logger.go:113"
time="2025-07-23 14:39:39" level=fatal msg="服务启动失败: listen tcp :8000: bind: Only one usage of each socket address (protocol/network address/port) is normally permitted." file="logger.go:143"
time="2025-07-23 14:39:58" level=info msg="method=GET path=/hello status=200 ip=::1 latency=0s" file="logger.go:118"
time="2025-07-23 14:40:04" level=info msg="method=GET path=/1 status=404 ip=::1 latency=0s" file="logger.go:118"
time="2025-07-23 14:40:11" level=info msg="method=GET path=/hello status=200 ip=::1 latency=0s" file="logger.go:118"
time="2025-07-23 14:40:26" level=info msg="method=GET path=/hello status=200 ip=::1 latency=0s" file="logger.go:118"
time="2025-07-23 14:40:28" level=info msg="服务启动: :8000" file="logger.go:113"
time="2025-07-23 14:40:28" level=fatal msg="服务启动失败: listen tcp :8000: bind: Only one usage of each socket address (protocol/network address/port) is normally permitted." file="logger.go:143"
time="2025-07-23 14:40:29" level=info msg="method=GET path=/hello status=200 ip=::1 latency=0s" file="logger.go:118"
time="2025-07-23 14:40:29" level=info msg="method=GET path=/hello status=200 ip=::1 latency=712.8µs" file="logger.go:118"
time="2025-07-23 14:40:29" level=info msg="method=GET path=/hello status=200 ip=::1 latency=0s" file="logger.go:118"
time="2025-07-23 14:40:30" level=info msg="method=GET path=/hello status=200 ip=::1 latency=0s" file="logger.go:118"
time="2025-07-23 14:40:30" level=info msg="method=GET path=/hello status=200 ip=::1 latency=0s" file="logger.go:118"
time="2025-07-23 14:40:31" level=info msg="method=GET path=/hello status=200 ip=::1 latency=0s" file="logger.go:118"
time="2025-07-23 14:40:40" level=info msg="服务启动: :8000" file="logger.go:113"
time="2025-07-23 14:40:40" level=fatal msg="服务启动失败: listen tcp :8000: bind: Only one usage of each socket address (protocol/network address/port) is normally permitted." file="logger.go:143"
time="2025-07-23 14:40:41" level=info msg="服务启动: :8000" file="logger.go:113"
time="2025-07-23 14:40:41" level=fatal msg="服务启动失败: listen tcp :8000: bind: Only one usage of each socket address (protocol/network address/port) is normally permitted." file="logger.go:143"
time="2025-07-23 14:40:41" level=info msg="method=GET path=/hello status=200 ip=::1 latency=0s" file="logger.go:118"
time="2025-07-23 14:40:43" level=info msg="method=GET path=/hello status=200 ip=::1 latency=0s" file="logger.go:118"
time="2025-07-23 14:40:43" level=info msg="method=GET path=/hello status=200 ip=::1 latency=0s" file="logger.go:118"
time="2025-07-23 14:40:43" level=info msg="method=GET path=/hello status=200 ip=::1 latency=0s" file="logger.go:118"
time="2025-07-23 14:40:43" level=info msg="method=GET path=/hello status=200 ip=::1 latency=0s" file="logger.go:118"
time="2025-07-23 14:40:43" level=info msg="method=GET path=/hello status=200 ip=::1 latency=0s" file="logger.go:118"
time="2025-07-23 14:40:44" level=info msg="method=GET path=/hello status=200 ip=::1 latency=0s" file="logger.go:118"
time="2025-07-23 14:40:44" level=info msg="method=GET path=/hello status=200 ip=::1 latency=0s" file="logger.go:118"
time="2025-07-23 14:40:48" level=info msg="method=GET path=/hello status=200 ip=::1 latency=0s" file="logger.go:118"
time="2025-07-23 14:40:50" level=info msg="method=GET path=/hello status=200 ip=::1 latency=0s" file="logger.go:118"
time="2025-07-23 14:40:50" level=info msg="method=GET path=/hello status=200 ip=::1 latency=0s" file="logger.go:118"
time="2025-07-23 14:40:51" level=info msg="method=GET path=/hello status=200 ip=::1 latency=0s" file="logger.go:118"
time="2025-07-23 14:40:51" level=info msg="method=GET path=/hello status=200 ip=::1 latency=0s" file="logger.go:118"
time="2025-07-23 14:40:51" level=info msg="method=GET path=/hello status=200 ip=::1 latency=0s" file="logger.go:118"
time="2025-07-23 14:40:54" level=info msg="method=GET path=/ status=404 ip=::1 latency=0s" file="logger.go:118"
time="2025-07-23 14:40:58" level=info msg="method=GET path=/hello status=200 ip=::1 latency=0s" file="logger.go:118"
time="2025-07-23 14:41:14" level=info msg="服务启动: :8000" file="logger.go:113"
time="2025-07-23 14:41:14" level=fatal msg="服务启动失败: listen tcp :8000: bind: Only one usage of each socket address (protocol/network address/port) is normally permitted." file="logger.go:143"
time="2025-07-23 14:41:55" level=info msg="method=GET path=/hello status=200 ip=::1 latency=0s" file="logger.go:118"
time="2025-07-23 14:41:57" level=info msg="method=GET path=/hello status=200 ip=::1 latency=0s" file="logger.go:118"
time="2025-07-23 14:41:57" level=info msg="method=GET path=/hello status=200 ip=::1 latency=0s" file="logger.go:118"
time="2025-07-23 14:41:57" level=info msg="method=GET path=/hello status=200 ip=::1 latency=0s" file="logger.go:118"
time="2025-07-23 14:41:58" level=info msg="method=GET path=/hello status=200 ip=::1 latency=0s" file="logger.go:118"
time="2025-07-23 14:41:58" level=info msg="method=GET path=/hello status=200 ip=::1 latency=0s" file="logger.go:118"
time="2025-07-23 14:41:58" level=info msg="method=GET path=/hello status=200 ip=::1 latency=507µs" file="logger.go:118"
time="2025-07-23 14:41:58" level=info msg="method=GET path=/hello status=200 ip=::1 latency=0s" file="logger.go:118"
time="2025-07-23 14:41:58" level=info msg="method=GET path=/hello status=200 ip=::1 latency=0s" file="logger.go:118"
time="2025-07-23 14:42:03" level=info msg="服务启动: :8800" file="logger.go:113"
time="2025-07-23 14:42:15" level=info msg="method=GET path=/ status=404 ip=::1 latency=0s" file="logger.go:118"
time="2025-07-23 14:42:15" level=info msg="method=GET path=/favicon.ico status=404 ip=::1 latency=0s" file="logger.go:118"
time="2025-07-23 14:42:21" level=info msg="method=GET path=/user status=404 ip=::1 latency=0s" file="logger.go:118"
time="2025-07-23 14:42:25" level=info msg="method=GET path=/users status=404 ip=::1 latency=0s" file="logger.go:118"
time="2025-07-23 14:42:40" level=info msg="method=GET path=/users/hello status=200 ip=::1 latency=0s" file="logger.go:118"
time="2025-07-23 14:42:47" level=info msg="method=GET path=/users/1 status=200 ip=::1 latency=0s" file="logger.go:118"
time="2025-07-23 14:43:30" level=info msg="服务启动: :8800" file="logger.go:113"
time="2025-07-23 14:44:29" level=info msg="服务启动: :8800" file="logger.go:113"
time="2025-07-23 14:44:29" level=info msg="method=GET path=/users/hello status=200 ip=127.0.0.1 latency=0s" file="logger.go:118"
time="2025-07-23 14:45:13" level=info msg="服务启动: :8800" file="logger.go:113"
time="2025-07-23 14:45:46" level=info msg="服务启动: :8800" file="logger.go:113"
time="2025-07-23 14:45:55" level=info msg="服务启动: :8800" file="logger.go:113"
time="2025-07-23 14:46:22" level=info msg="服务启动: :8800" file="logger.go:113"
time="2025-07-23 14:46:58" level=info msg="服务启动: :8800" file="logger.go:113"
time="2025-07-23 14:47:10" level=info msg="服务启动: :8800" file="logger.go:113"
time="2025-07-23 14:47:11" level=info msg="method=GET path=/users/hello status=200 ip=::1 latency=521.7µs" file="logger.go:118"
time="2025-07-23 15:29:00" level=info msg="method=GET path=/users/hello status=200 ip=::1 latency=520.4µs" file="logger.go:118"
time="2025-07-23 15:31:47" level=info msg="method=GET path=/users/hello status=200 ip=::1 latency=0s" file="logger.go:118"
time="2025-07-23 15:32:02" level=info msg="method=GET path=/users status=404 ip=::1 latency=0s" file="logger.go:118"
time="2025-07-23 15:32:10" level=info msg="method=GET path=/users、1 status=404 ip=::1 latency=0s" file="logger.go:118"
time="2025-07-23 15:32:14" level=info msg="method=GET path=/users/1 status=200 ip=::1 latency=0s" file="logger.go:118"
time="2025-07-23 15:32:41" level=info msg="服务启动: :8800" file="logger.go:113"
time="2025-07-23 15:32:49" level=info msg="服务启动: :8800" file="logger.go:113"
time="2025-07-23 15:33:09" level=info msg="服务启动: :8800" file="logger.go:113"
time="2025-07-23 15:33:09" level=info msg="method=GET path=/users/1 status=200 ip=::1 latency=0s" file="logger.go:118"
time="2025-07-23 15:33:20" level=info msg="服务启动: :8800" file="logger.go:113"
